{
  "stats": {
    "suites": 1,
    "tests": 1,
    "passes": 1,
    "pending": 0,
    "failures": 0,
    "start": "2026-06-02T12:56:07.403Z",
    "end": "2026-06-02T12:56:07.707Z",
    "duration": 304,
    "testsRegistered": 1,
    "passPercent": 100,
    "pendingPercent": 0,
    "other": 0,
    "hasOther": false,
    "skipped": 0,
    "hasSkipped": false
  },
  "results": [
    {
      "uuid": "0cc7900d-f396-4fa9-8df3-025aa343b15e",
      "title": "",
      "fullFile": "cypress\\e2e\\Pokeapi\\berry.cy.js",
      "file": "cypress\\e2e\\Pokeapi\\berry.cy.js",
      "beforeHooks": [],
      "afterHooks": [],
      "tests": [],
      "suites": [
        {
          "uuid": "e9898b85-8a97-482d-92d0-b94654e28630",
          "title": "PokeAPI - Berry Tests",
          "fullFile": "",
          "file": "",
          "beforeHooks": [],
          "afterHooks": [],
          "tests": [
            {
              "title": "Berry 1 validations",
              "fullTitle": "PokeAPI - Berry Tests Berry 1 validations",
              "timedOut": null,
              "duration": 260,
              "state": "passed",
              "speed": "fast",
              "pass": true,
              "fail": false,
              "pending": false,
              "context": null,
              "code": "cy.request('https://pokeapi.co/api/v2/berry/1').then(response => {\n  expect(response.status).to.eq(200);\n  expect(response.body.size).to.eq(20);\n  expect(response.body.soil_dryness).to.eq(15);\n  expect(response.body.firmness.name).to.eq('soft');\n});",
              "err": {},
              "uuid": "dc7c2407-1a17-4aa1-a0c2-ae14d3b3bf11",
              "parentUUID": "e9898b85-8a97-482d-92d0-b94654e28630",
              "isHook": false,
              "skipped": false
            }
          ],
          "suites": [],
          "passes": [
            "dc7c2407-1a17-4aa1-a0c2-ae14d3b3bf11"
          ],
          "failures": [],
          "pending": [],
          "skipped": [],
          "duration": 260,
          "root": false,
          "rootEmpty": false,
          "_timeout": 2000
        }
      ],
      "passes": [],
      "failures": [],
      "pending": [],
      "skipped": [],
      "duration": 0,
      "root": true,
      "rootEmpty": true,
      "_timeout": 2000
    }
  ],
  "meta": {
    "mocha": {
      "version": "7.2.0"
    },
    "mochawesome": {
      "options": {
        "quiet": false,
        "reportFilename": "mochawesome",
        "saveHtml": false,
        "saveJson": true,
        "consoleReporter": "spec",
        "useInlineDiffs": false,
        "code": true
      },
      "version": "7.1.4"
    },
    "marge": {
      "options": {
        "reportDir": "cypress/reports/mochawesome",
        "overwrite": false,
        "html": false,
        "json": true
      },
      "version": "6.3.2"
    }
  }
}