{
  "stats": {
    "suites": 1,
    "tests": 1,
    "passes": 1,
    "pending": 0,
    "failures": 0,
    "start": "2026-06-02T12:56:27.028Z",
    "end": "2026-06-02T12:56:32.420Z",
    "duration": 5392,
    "testsRegistered": 1,
    "passPercent": 100,
    "pendingPercent": 0,
    "other": 0,
    "hasOther": false,
    "skipped": 0,
    "hasSkipped": false
  },
  "results": [
    {
      "uuid": "4212ff55-2e98-4b35-903b-5f388205c148",
      "title": "",
      "fullFile": "cypress\\e2e\\Sauce_demo\\caso_2.cy.js",
      "file": "cypress\\e2e\\Sauce_demo\\caso_2.cy.js",
      "beforeHooks": [],
      "afterHooks": [],
      "tests": [],
      "suites": [
        {
          "uuid": "223b3b82-226e-428f-963d-8eeb8e9ac96c",
          "title": "SauceDemo - Caso 2",
          "fullFile": "",
          "file": "",
          "beforeHooks": [],
          "afterHooks": [],
          "tests": [
            {
              "title": "Flujo carrito + validaciones checkout",
              "fullTitle": "SauceDemo - Caso 2 Flujo carrito + validaciones checkout",
              "timedOut": null,
              "duration": 3661,
              "state": "passed",
              "speed": "fast",
              "pass": true,
              "fail": false,
              "pending": false,
              "context": null,
              "code": "cy.visit('https://www.saucedemo.com/');\ncy.get('[data-test=\"username\"]').type('standard_user');\ncy.get('[data-test=\"password\"]').type('secret_sauce');\ncy.get('[data-test=\"login-button\"]').click();\ncy.get('.inventory_item button').each($btn => {\n  cy.wrap($btn).click();\n});\ncy.get('.shopping_cart_link').click();\ncy.get('.cart_item').should('have.length', 6);\ncy.get('[data-test=\"checkout\"]').click();\ncy.get('[data-test=\"firstName\"]').type('Nico');\ncy.get('[data-test=\"continue\"]').click();\ncy.get('[data-test=\"error\"]').should('contain', 'Last Name is required');\ncy.get('[data-test=\"lastName\"]').type('Test');\ncy.get('[data-test=\"continue\"]').click();\ncy.get('[data-test=\"error\"]').should('contain', 'Postal Code is required');",
              "err": {},
              "uuid": "ac87307f-a7e8-403b-bb4b-bb1aedf2a050",
              "parentUUID": "223b3b82-226e-428f-963d-8eeb8e9ac96c",
              "isHook": false,
              "skipped": false
            }
          ],
          "suites": [],
          "passes": [
            "ac87307f-a7e8-403b-bb4b-bb1aedf2a050"
          ],
          "failures": [],
          "pending": [],
          "skipped": [],
          "duration": 3661,
          "root": false,
          "rootEmpty": false,
          "_timeout": 2000
        }
      ],
      "passes": [],
      "failures": [],
      "pending": [],
      "skipped": [],
      "duration": 0,
      "root": true,
      "rootEmpty": true,
      "_timeout": 2000
    }
  ],
  "meta": {
    "mocha": {
      "version": "7.2.0"
    },
    "mochawesome": {
      "options": {
        "quiet": false,
        "reportFilename": "mochawesome",
        "saveHtml": false,
        "saveJson": true,
        "consoleReporter": "spec",
        "useInlineDiffs": false,
        "code": true
      },
      "version": "7.1.4"
    },
    "marge": {
      "options": {
        "reportDir": "cypress/reports/mochawesome",
        "overwrite": false,
        "html": false,
        "json": true
      },
      "version": "6.3.2"
    }
  }
}